<?xml version="1.0" encoding="UTF-8"?>
<testng-results ignored="0" total="2" passed="2" failed="0" skipped="0">
  <reporter-output>
  </reporter-output>
  <suite started-at="2026-04-05T11:29:35 GMT+02:00" name="Default suite" finished-at="2026-04-05T11:29:45 GMT+02:00" duration-ms="9778">
    <groups>
    </groups>
    <test started-at="2026-04-05T11:29:35 GMT+02:00" name="Default test" finished-at="2026-04-05T11:29:45 GMT+02:00" duration-ms="9778">
      <class name="pages.FirstTestCase">
        <test-method is-config="true" signature="setUp()[pri:0, instance:pages.FirstTestCase@fbd1f6]" started-at="2026-04-05T11:29:35 GMT+02:00" name="setUp" finished-at="2026-04-05T11:29:36 GMT+02:00" duration-ms="1149" status="PASS">
          <reporter-output>
          </reporter-output>
        </test-method> <!-- setUp -->
        <test-method signature="testHomePageLoaded()[pri:0, instance:pages.FirstTestCase@fbd1f6]" started-at="2026-04-05T11:29:36 GMT+02:00" name="testHomePageLoaded" finished-at="2026-04-05T11:29:42 GMT+02:00" duration-ms="5575" status="PASS">
          <reporter-output>
          </reporter-output>
        </test-method> <!-- testHomePageLoaded -->
        <test-method signature="testLogin()[pri:0, instance:pages.FirstTestCase@fbd1f6]" started-at="2026-04-05T11:29:42 GMT+02:00" name="testLogin" finished-at="2026-04-05T11:29:44 GMT+02:00" duration-ms="2626" status="PASS">
          <reporter-output>
          </reporter-output>
        </test-method> <!-- testLogin -->
        <test-method is-config="true" signature="tearDown()[pri:0, instance:pages.FirstTestCase@fbd1f6]" started-at="2026-04-05T11:29:44 GMT+02:00" name="tearDown" finished-at="2026-04-05T11:29:45 GMT+02:00" duration-ms="380" status="PASS">
          <reporter-output>
          </reporter-output>
        </test-method> <!-- tearDown -->
      </class> <!-- pages.FirstTestCase -->
    </test> <!-- Default test -->
  </suite> <!-- Default suite -->
</testng-results>
