<?xml version="1.0" encoding="UTF-8"?>
<testng-results ignored="0" total="1" passed="1" failed="0" skipped="0">
  <reporter-output>
  </reporter-output>
  <suite started-at="2026-04-05T11:23:20 GMT+02:00" name="Default suite" finished-at="2026-04-05T11:23:30 GMT+02:00" duration-ms="10163">
    <groups>
    </groups>
    <test started-at="2026-04-05T11:23:20 GMT+02:00" name="Default test" finished-at="2026-04-05T11:23:30 GMT+02:00" duration-ms="10163">
      <class name="pages.FirstTestCase">
        <test-method is-config="true" signature="setUp()[pri:0, instance:pages.FirstTestCase@3b69e7d1]" started-at="2026-04-05T11:23:20 GMT+02:00" name="setUp" finished-at="2026-04-05T11:23:22 GMT+02:00" duration-ms="2014" status="PASS">
          <reporter-output>
          </reporter-output>
        </test-method> <!-- setUp -->
        <test-method signature="testLogin()[pri:0, instance:pages.FirstTestCase@3b69e7d1]" started-at="2026-04-05T11:23:22 GMT+02:00" name="testLogin" finished-at="2026-04-05T11:23:29 GMT+02:00" duration-ms="7545" status="PASS">
          <reporter-output>
          </reporter-output>
        </test-method> <!-- testLogin -->
        <test-method is-config="true" signature="tearDown()[pri:0, instance:pages.FirstTestCase@3b69e7d1]" started-at="2026-04-05T11:23:29 GMT+02:00" name="tearDown" finished-at="2026-04-05T11:23:30 GMT+02:00" duration-ms="564" status="PASS">
          <reporter-output>
          </reporter-output>
        </test-method> <!-- tearDown -->
      </class> <!-- pages.FirstTestCase -->
    </test> <!-- Default test -->
  </suite> <!-- Default suite -->
</testng-results>
